{"C:\\!Uni\\CICD\\ustp-cicd-final\\src\\components\\GameBoard.tsx": {"path":"C:\\!Uni\\CICD\\ustp-cicd-final\\src\\components\\GameBoard.tsx","statementMap":{"0":{"start":{"line":11,"column":8},"end":{"line":11,"column":null}},"1":{"start":{"line":13,"column":2},"end":{"line":91,"column":null}},"2":{"start":{"line":14,"column":19},"end":{"line":14,"column":null}},"3":{"start":{"line":15,"column":4},"end":{"line":15,"column":null}},"4":{"start":{"line":15,"column":17},"end":{"line":15,"column":null}},"5":{"start":{"line":17,"column":16},"end":{"line":17,"column":null}},"6":{"start":{"line":18,"column":4},"end":{"line":18,"column":null}},"7":{"start":{"line":18,"column":14},"end":{"line":18,"column":null}},"8":{"start":{"line":20,"column":4},"end":{"line":20,"column":null}},"9":{"start":{"line":22,"column":4},"end":{"line":49,"column":null}},"10":{"start":{"line":22,"column":17},"end":{"line":22,"column":20}},"11":{"start":{"line":23,"column":6},"end":{"line":48,"column":null}},"12":{"start":{"line":23,"column":19},"end":{"line":23,"column":22}},"13":{"start":{"line":24,"column":21},"end":{"line":24,"column":null}},"14":{"start":{"line":26,"column":8},"end":{"line":26,"column":null}},"15":{"start":{"line":27,"column":8},"end":{"line":27,"column":null}},"16":{"start":{"line":28,"column":8},"end":{"line":28,"column":null}},"17":{"start":{"line":30,"column":8},"end":{"line":47,"column":null}},"18":{"start":{"line":31,"column":10},"end":{"line":31,"column":null}},"19":{"start":{"line":32,"column":10},"end":{"line":37,"column":null}},"20":{"start":{"line":39,"column":10},"end":{"line":39,"column":null}},"21":{"start":{"line":40,"column":10},"end":{"line":40,"column":null}},"22":{"start":{"line":41,"column":10},"end":{"line":46,"column":null}},"23":{"start":{"line":51,"column":4},"end":{"line":79,"column":null}},"24":{"start":{"line":52,"column":6},"end":{"line":78,"column":null}},"25":{"start":{"line":52,"column":19},"end":{"line":52,"column":22}},"26":{"start":{"line":53,"column":8},"end":{"line":77,"column":null}},"27":{"start":{"line":53,"column":21},"end":{"line":53,"column":24}},"28":{"start":{"line":54,"column":10},"end":{"line":76,"column":null}},"29":{"start":{"line":55,"column":27},"end":{"line":55,"column":null}},"30":{"start":{"line":56,"column":27},"end":{"line":56,"column":null}},"31":{"start":{"line":58,"column":12},"end":{"line":75,"column":null}},"32":{"start":{"line":59,"column":14},"end":{"line":59,"column":null}},"33":{"start":{"line":60,"column":14},"end":{"line":65,"column":null}},"34":{"start":{"line":67,"column":14},"end":{"line":67,"column":null}},"35":{"start":{"line":68,"column":14},"end":{"line":68,"column":null}},"36":{"start":{"line":69,"column":14},"end":{"line":74,"column":null}},"37":{"start":{"line":81,"column":4},"end":{"line":90,"column":null}},"38":{"start":{"line":82,"column":6},"end":{"line":82,"column":null}},"39":{"start":{"line":83,"column":6},"end":{"line":83,"column":null}},"40":{"start":{"line":85,"column":6},"end":{"line":85,"column":null}},"41":{"start":{"line":86,"column":6},"end":{"line":86,"column":null}},"42":{"start":{"line":87,"column":6},"end":{"line":87,"column":null}},"43":{"start":{"line":88,"column":6},"end":{"line":88,"column":null}},"44":{"start":{"line":89,"column":6},"end":{"line":89,"column":null}},"45":{"start":{"line":93,"column":2},"end":{"line":99,"column":null}}},"fnMap":{"0":{"name":"GameBoard","decl":{"start":{"line":10,"column":16},"end":{"line":10,"column":26}},"loc":{"start":{"line":10,"column":77},"end":{"line":101,"column":null}},"line":10},"1":{"name":"(anonymous_1)","decl":{"start":{"line":13,"column":12},"end":{"line":13,"column":18}},"loc":{"start":{"line":13,"column":18},"end":{"line":91,"column":5}},"line":13}},"branchMap":{"0":{"loc":{"start":{"line":15,"column":4},"end":{"line":15,"column":null}},"type":"if","locations":[{"start":{"line":15,"column":4},"end":{"line":15,"column":null}},{"start":{},"end":{}}],"line":15},"1":{"loc":{"start":{"line":18,"column":4},"end":{"line":18,"column":null}},"type":"if","locations":[{"start":{"line":18,"column":4},"end":{"line":18,"column":null}},{"start":{},"end":{}}],"line":18},"2":{"loc":{"start":{"line":30,"column":8},"end":{"line":47,"column":null}},"type":"if","locations":[{"start":{"line":30,"column":8},"end":{"line":47,"column":null}},{"start":{},"end":{}}],"line":30},"3":{"loc":{"start":{"line":51,"column":4},"end":{"line":79,"column":null}},"type":"if","locations":[{"start":{"line":51,"column":4},"end":{"line":79,"column":null}},{"start":{},"end":{}}],"line":51},"4":{"loc":{"start":{"line":54,"column":10},"end":{"line":76,"column":null}},"type":"if","locations":[{"start":{"line":54,"column":10},"end":{"line":76,"column":null}},{"start":{},"end":{}}],"line":54},"5":{"loc":{"start":{"line":58,"column":12},"end":{"line":75,"column":null}},"type":"if","locations":[{"start":{"line":58,"column":12},"end":{"line":75,"column":null}},{"start":{},"end":{}}],"line":58},"6":{"loc":{"start":{"line":81,"column":4},"end":{"line":90,"column":null}},"type":"if","locations":[{"start":{"line":81,"column":4},"end":{"line":90,"column":null}},{"start":{},"end":{}}],"line":81}},"s":{"0":12,"1":12,"2":12,"3":12,"4":0,"5":12,"6":12,"7":0,"8":12,"9":12,"10":12,"11":240,"12":240,"13":2400,"14":2400,"15":2400,"16":2400,"17":2400,"18":2,"19":2,"20":2,"21":2,"22":2,"23":12,"24":2,"25":2,"26":7,"27":7,"28":25,"29":8,"30":8,"31":8,"32":8,"33":8,"34":8,"35":8,"36":8,"37":12,"38":1,"39":1,"40":1,"41":1,"42":1,"43":1,"44":1,"45":12},"f":{"0":12,"1":12},"b":{"0":[0,12],"1":[0,12],"2":[2,2398],"3":[2,10],"4":[8,17],"5":[8,0],"6":[1,11]},"meta":{"lastBranch":7,"lastFunction":2,"lastStatement":46,"seen":{"f:10:16:10:26":0,"s:11:8:11:Infinity":0,"s:13:2:91:Infinity":1,"f:13:12:13:18":1,"s:14:19:14:Infinity":2,"b:15:4:15:Infinity:undefined:undefined:undefined:undefined":0,"s:15:4:15:Infinity":3,"s:15:17:15:Infinity":4,"s:17:16:17:Infinity":5,"b:18:4:18:Infinity:undefined:undefined:undefined:undefined":1,"s:18:4:18:Infinity":6,"s:18:14:18:Infinity":7,"s:20:4:20:Infinity":8,"s:22:4:49:Infinity":9,"s:22:17:22:20":10,"s:23:6:48:Infinity":11,"s:23:19:23:22":12,"s:24:21:24:Infinity":13,"s:26:8:26:Infinity":14,"s:27:8:27:Infinity":15,"s:28:8:28:Infinity":16,"b:30:8:47:Infinity:undefined:undefined:undefined:undefined":2,"s:30:8:47:Infinity":17,"s:31:10:31:Infinity":18,"s:32:10:37:Infinity":19,"s:39:10:39:Infinity":20,"s:40:10:40:Infinity":21,"s:41:10:46:Infinity":22,"b:51:4:79:Infinity:undefined:undefined:undefined:undefined":3,"s:51:4:79:Infinity":23,"s:52:6:78:Infinity":24,"s:52:19:52:22":25,"s:53:8:77:Infinity":26,"s:53:21:53:24":27,"b:54:10:76:Infinity:undefined:undefined:undefined:undefined":4,"s:54:10:76:Infinity":28,"s:55:27:55:Infinity":29,"s:56:27:56:Infinity":30,"b:58:12:75:Infinity:undefined:undefined:undefined:undefined":5,"s:58:12:75:Infinity":31,"s:59:14:59:Infinity":32,"s:60:14:65:Infinity":33,"s:67:14:67:Infinity":34,"s:68:14:68:Infinity":35,"s:69:14:74:Infinity":36,"b:81:4:90:Infinity:undefined:undefined:undefined:undefined":6,"s:81:4:90:Infinity":37,"s:82:6:82:Infinity":38,"s:83:6:83:Infinity":39,"s:85:6:85:Infinity":40,"s:86:6:86:Infinity":41,"s:87:6:87:Infinity":42,"s:88:6:88:Infinity":43,"s:89:6:89:Infinity":44,"s:93:2:99:Infinity":45}}}
,"C:\\!Uni\\CICD\\ustp-cicd-final\\src\\components\\NextPiece.tsx": {"path":"C:\\!Uni\\CICD\\ustp-cicd-final\\src\\components\\NextPiece.tsx","statementMap":{"0":{"start":{"line":10,"column":8},"end":{"line":10,"column":null}},"1":{"start":{"line":12,"column":2},"end":{"line":50,"column":null}},"2":{"start":{"line":13,"column":19},"end":{"line":13,"column":null}},"3":{"start":{"line":14,"column":4},"end":{"line":14,"column":null}},"4":{"start":{"line":14,"column":17},"end":{"line":14,"column":null}},"5":{"start":{"line":16,"column":16},"end":{"line":16,"column":null}},"6":{"start":{"line":17,"column":4},"end":{"line":17,"column":null}},"7":{"start":{"line":17,"column":14},"end":{"line":17,"column":null}},"8":{"start":{"line":19,"column":4},"end":{"line":19,"column":null}},"9":{"start":{"line":21,"column":4},"end":{"line":49,"column":null}},"10":{"start":{"line":22,"column":25},"end":{"line":22,"column":null}},"11":{"start":{"line":23,"column":26},"end":{"line":23,"column":null}},"12":{"start":{"line":24,"column":12},"end":{"line":24,"column":null}},"13":{"start":{"line":25,"column":12},"end":{"line":25,"column":null}},"14":{"start":{"line":27,"column":6},"end":{"line":48,"column":null}},"15":{"start":{"line":27,"column":19},"end":{"line":27,"column":22}},"16":{"start":{"line":28,"column":8},"end":{"line":47,"column":null}},"17":{"start":{"line":28,"column":21},"end":{"line":28,"column":24}},"18":{"start":{"line":29,"column":10},"end":{"line":46,"column":null}},"19":{"start":{"line":30,"column":12},"end":{"line":30,"column":null}},"20":{"start":{"line":31,"column":12},"end":{"line":36,"column":null}},"21":{"start":{"line":38,"column":12},"end":{"line":38,"column":null}},"22":{"start":{"line":39,"column":12},"end":{"line":39,"column":null}},"23":{"start":{"line":40,"column":12},"end":{"line":45,"column":null}},"24":{"start":{"line":52,"column":2},"end":{"line":61,"column":null}}},"fnMap":{"0":{"name":"NextPiece","decl":{"start":{"line":9,"column":16},"end":{"line":9,"column":26}},"loc":{"start":{"line":9,"column":57},"end":{"line":63,"column":null}},"line":9},"1":{"name":"(anonymous_1)","decl":{"start":{"line":12,"column":12},"end":{"line":12,"column":18}},"loc":{"start":{"line":12,"column":18},"end":{"line":50,"column":5}},"line":12}},"branchMap":{"0":{"loc":{"start":{"line":14,"column":4},"end":{"line":14,"column":null}},"type":"if","locations":[{"start":{"line":14,"column":4},"end":{"line":14,"column":null}},{"start":{},"end":{}}],"line":14},"1":{"loc":{"start":{"line":17,"column":4},"end":{"line":17,"column":null}},"type":"if","locations":[{"start":{"line":17,"column":4},"end":{"line":17,"column":null}},{"start":{},"end":{}}],"line":17},"2":{"loc":{"start":{"line":21,"column":4},"end":{"line":49,"column":null}},"type":"if","locations":[{"start":{"line":21,"column":4},"end":{"line":49,"column":null}},{"start":{},"end":{}}],"line":21},"3":{"loc":{"start":{"line":29,"column":10},"end":{"line":46,"column":null}},"type":"if","locations":[{"start":{"line":29,"column":10},"end":{"line":46,"column":null}},{"start":{},"end":{}}],"line":29}},"s":{"0":21,"1":21,"2":21,"3":21,"4":0,"5":21,"6":21,"7":0,"8":21,"9":21,"10":14,"11":14,"12":14,"13":14,"14":14,"15":14,"16":41,"17":41,"18":127,"19":56,"20":56,"21":56,"22":56,"23":56,"24":21},"f":{"0":21,"1":21},"b":{"0":[0,21],"1":[0,21],"2":[14,7],"3":[56,71]},"meta":{"lastBranch":4,"lastFunction":2,"lastStatement":25,"seen":{"f:9:16:9:26":0,"s:10:8:10:Infinity":0,"s:12:2:50:Infinity":1,"f:12:12:12:18":1,"s:13:19:13:Infinity":2,"b:14:4:14:Infinity:undefined:undefined:undefined:undefined":0,"s:14:4:14:Infinity":3,"s:14:17:14:Infinity":4,"s:16:16:16:Infinity":5,"b:17:4:17:Infinity:undefined:undefined:undefined:undefined":1,"s:17:4:17:Infinity":6,"s:17:14:17:Infinity":7,"s:19:4:19:Infinity":8,"b:21:4:49:Infinity:undefined:undefined:undefined:undefined":2,"s:21:4:49:Infinity":9,"s:22:25:22:Infinity":10,"s:23:26:23:Infinity":11,"s:24:12:24:Infinity":12,"s:25:12:25:Infinity":13,"s:27:6:48:Infinity":14,"s:27:19:27:22":15,"s:28:8:47:Infinity":16,"s:28:21:28:24":17,"b:29:10:46:Infinity:undefined:undefined:undefined:undefined":3,"s:29:10:46:Infinity":18,"s:30:12:30:Infinity":19,"s:31:12:36:Infinity":20,"s:38:12:38:Infinity":21,"s:39:12:39:Infinity":22,"s:40:12:45:Infinity":23,"s:52:2:61:Infinity":24}}}
,"C:\\!Uni\\CICD\\ustp-cicd-final\\src\\components\\ui\\card.tsx": {"path":"C:\\!Uni\\CICD\\ustp-cicd-final\\src\\components\\ui\\card.tsx","statementMap":{"0":{"start":{"line":6,"column":2},"end":{"line":14,"column":null}},"1":{"start":{"line":19,"column":2},"end":{"line":27,"column":null}},"2":{"start":{"line":32,"column":2},"end":{"line":37,"column":null}},"3":{"start":{"line":42,"column":2},"end":{"line":47,"column":null}},"4":{"start":{"line":52,"column":2},"end":{"line":60,"column":null}},"5":{"start":{"line":65,"column":2},"end":{"line":70,"column":null}},"6":{"start":{"line":75,"column":2},"end":{"line":80,"column":null}}},"fnMap":{"0":{"name":"Card","decl":{"start":{"line":5,"column":9},"end":{"line":5,"column":14}},"loc":{"start":{"line":5,"column":62},"end":{"line":16,"column":null}},"line":5},"1":{"name":"CardHeader","decl":{"start":{"line":18,"column":9},"end":{"line":18,"column":20}},"loc":{"start":{"line":18,"column":68},"end":{"line":29,"column":null}},"line":18},"2":{"name":"CardTitle","decl":{"start":{"line":31,"column":9},"end":{"line":31,"column":19}},"loc":{"start":{"line":31,"column":67},"end":{"line":39,"column":null}},"line":31},"3":{"name":"CardDescription","decl":{"start":{"line":41,"column":9},"end":{"line":41,"column":25}},"loc":{"start":{"line":41,"column":73},"end":{"line":49,"column":null}},"line":41},"4":{"name":"CardAction","decl":{"start":{"line":51,"column":9},"end":{"line":51,"column":20}},"loc":{"start":{"line":51,"column":68},"end":{"line":62,"column":null}},"line":51},"5":{"name":"CardContent","decl":{"start":{"line":64,"column":9},"end":{"line":64,"column":21}},"loc":{"start":{"line":64,"column":69},"end":{"line":72,"column":null}},"line":64},"6":{"name":"CardFooter","decl":{"start":{"line":74,"column":9},"end":{"line":74,"column":20}},"loc":{"start":{"line":74,"column":68},"end":{"line":82,"column":null}},"line":74}},"branchMap":{},"s":{"0":21,"1":0,"2":0,"3":0,"4":0,"5":0,"6":0},"f":{"0":21,"1":0,"2":0,"3":0,"4":0,"5":0,"6":0},"b":{},"meta":{"lastBranch":0,"lastFunction":7,"lastStatement":7,"seen":{"f:5:9:5:14":0,"s:6:2:14:Infinity":0,"f:18:9:18:20":1,"s:19:2:27:Infinity":1,"f:31:9:31:19":2,"s:32:2:37:Infinity":2,"f:41:9:41:25":3,"s:42:2:47:Infinity":3,"f:51:9:51:20":4,"s:52:2:60:Infinity":4,"f:64:9:64:21":5,"s:65:2:70:Infinity":5,"f:74:9:74:20":6,"s:75:2:80:Infinity":6}}}
,"C:\\!Uni\\CICD\\ustp-cicd-final\\src\\lib\\tetris.ts": {"path":"C:\\!Uni\\CICD\\ustp-cicd-final\\src\\lib\\tetris.ts","statementMap":{"0":{"start":{"line":1,"column":27},"end":{"line":1,"column":null}},"1":{"start":{"line":2,"column":28},"end":{"line":2,"column":null}},"2":{"start":{"line":3,"column":25},"end":{"line":3,"column":null}},"3":{"start":{"line":24,"column":88},"end":{"line":81,"column":null}},"4":{"start":{"line":84,"column":2},"end":{"line":86,"column":null}},"5":{"start":{"line":85,"column":4},"end":{"line":85,"column":null}},"6":{"start":{"line":85,"column":47},"end":{"line":85,"column":76}},"7":{"start":{"line":90,"column":33},"end":{"line":90,"column":null}},"8":{"start":{"line":91,"column":15},"end":{"line":91,"column":null}},"9":{"start":{"line":92,"column":27},"end":{"line":92,"column":null}},"10":{"start":{"line":94,"column":2},"end":{"line":99,"column":null}},"11":{"start":{"line":96,"column":28},"end":{"line":96,"column":36}},"12":{"start":{"line":103,"column":12},"end":{"line":103,"column":null}},"13":{"start":{"line":104,"column":30},"end":{"line":104,"column":null}},"14":{"start":{"line":104,"column":62},"end":{"line":104,"column":78}},"15":{"start":{"line":106,"column":2},"end":{"line":110,"column":null}},"16":{"start":{"line":106,"column":15},"end":{"line":106,"column":18}},"17":{"start":{"line":107,"column":4},"end":{"line":109,"column":null}},"18":{"start":{"line":107,"column":17},"end":{"line":107,"column":20}},"19":{"start":{"line":108,"column":6},"end":{"line":108,"column":null}},"20":{"start":{"line":112,"column":2},"end":{"line":112,"column":null}},"21":{"start":{"line":121,"column":2},"end":{"line":137,"column":null}},"22":{"start":{"line":121,"column":15},"end":{"line":121,"column":18}},"23":{"start":{"line":122,"column":4},"end":{"line":136,"column":null}},"24":{"start":{"line":122,"column":17},"end":{"line":122,"column":20}},"25":{"start":{"line":123,"column":6},"end":{"line":135,"column":null}},"26":{"start":{"line":124,"column":21},"end":{"line":124,"column":null}},"27":{"start":{"line":125,"column":21},"end":{"line":125,"column":null}},"28":{"start":{"line":127,"column":8},"end":{"line":134,"column":null}},"29":{"start":{"line":133,"column":10},"end":{"line":133,"column":null}},"30":{"start":{"line":138,"column":2},"end":{"line":138,"column":null}},"31":{"start":{"line":142,"column":19},"end":{"line":142,"column":null}},"32":{"start":{"line":142,"column":36},"end":{"line":142,"column":66}},"33":{"start":{"line":142,"column":53},"end":{"line":142,"column":65}},"34":{"start":{"line":144,"column":2},"end":{"line":155,"column":null}},"35":{"start":{"line":144,"column":15},"end":{"line":144,"column":18}},"36":{"start":{"line":145,"column":4},"end":{"line":154,"column":null}},"37":{"start":{"line":145,"column":17},"end":{"line":145,"column":20}},"38":{"start":{"line":146,"column":6},"end":{"line":153,"column":null}},"39":{"start":{"line":147,"column":23},"end":{"line":147,"column":null}},"40":{"start":{"line":148,"column":23},"end":{"line":148,"column":null}},"41":{"start":{"line":150,"column":8},"end":{"line":152,"column":null}},"42":{"start":{"line":151,"column":10},"end":{"line":151,"column":null}},"43":{"start":{"line":157,"column":2},"end":{"line":157,"column":null}},"44":{"start":{"line":161,"column":21},"end":{"line":161,"column":null}},"45":{"start":{"line":162,"column":19},"end":{"line":166,"column":null}},"46":{"start":{"line":163,"column":19},"end":{"line":163,"column":null}},"47":{"start":{"line":163,"column":37},"end":{"line":163,"column":48}},"48":{"start":{"line":164,"column":4},"end":{"line":164,"column":null}},"49":{"start":{"line":164,"column":16},"end":{"line":164,"column":null}},"50":{"start":{"line":165,"column":4},"end":{"line":165,"column":null}},"51":{"start":{"line":168,"column":2},"end":{"line":170,"column":null}},"52":{"start":{"line":169,"column":4},"end":{"line":169,"column":null}},"53":{"start":{"line":169,"column":64},"end":{"line":169,"column":93}},"54":{"start":{"line":172,"column":2},"end":{"line":172,"column":null}},"55":{"start":{"line":176,"column":21},"end":{"line":176,"column":null}},"56":{"start":{"line":177,"column":2},"end":{"line":177,"column":null}},"57":{"start":{"line":181,"column":2},"end":{"line":181,"column":null}},"58":{"start":{"line":185,"column":2},"end":{"line":185,"column":null}}},"fnMap":{"0":{"name":"createEmptyBoard","decl":{"start":{"line":83,"column":16},"end":{"line":83,"column":45}},"loc":{"start":{"line":83,"column":45},"end":{"line":87,"column":null}},"line":83},"1":{"name":"(anonymous_1)","decl":{"start":{"line":84,"column":46},"end":{"line":84,"column":null}},"loc":{"start":{"line":85,"column":4},"end":{"line":85,"column":null}},"line":85},"2":{"name":"(anonymous_2)","decl":{"start":{"line":85,"column":40},"end":{"line":85,"column":47}},"loc":{"start":{"line":85,"column":47},"end":{"line":85,"column":76}},"line":85},"3":{"name":"getRandomTetromino","decl":{"start":{"line":89,"column":16},"end":{"line":89,"column":48}},"loc":{"start":{"line":89,"column":48},"end":{"line":100,"column":null}},"line":89},"4":{"name":"(anonymous_4)","decl":{"start":{"line":96,"column":21},"end":{"line":96,"column":28}},"loc":{"start":{"line":96,"column":28},"end":{"line":96,"column":36}},"line":96},"5":{"name":"rotateTetromino","decl":{"start":{"line":102,"column":16},"end":{"line":102,"column":32}},"loc":{"start":{"line":102,"column":66},"end":{"line":113,"column":null}},"line":102},"6":{"name":"(anonymous_6)","decl":{"start":{"line":104,"column":56},"end":{"line":104,"column":62}},"loc":{"start":{"line":104,"column":62},"end":{"line":104,"column":78}},"line":104},"7":{"name":"checkCollision","decl":{"start":{"line":115,"column":16},"end":{"line":115,"column":null}},"loc":{"start":{"line":120,"column":11},"end":{"line":139,"column":null}},"line":120},"8":{"name":"mergeTetromino","decl":{"start":{"line":141,"column":16},"end":{"line":141,"column":31}},"loc":{"start":{"line":141,"column":80},"end":{"line":158,"column":null}},"line":141},"9":{"name":"(anonymous_9)","decl":{"start":{"line":142,"column":29},"end":{"line":142,"column":36}},"loc":{"start":{"line":142,"column":36},"end":{"line":142,"column":66}},"line":142},"10":{"name":"(anonymous_10)","decl":{"start":{"line":142,"column":44},"end":{"line":142,"column":53}},"loc":{"start":{"line":142,"column":53},"end":{"line":142,"column":65}},"line":142},"11":{"name":"clearLines","decl":{"start":{"line":160,"column":16},"end":{"line":160,"column":27}},"loc":{"start":{"line":160,"column":90},"end":{"line":173,"column":null}},"line":160},"12":{"name":"(anonymous_12)","decl":{"start":{"line":162,"column":32},"end":{"line":162,"column":39}},"loc":{"start":{"line":162,"column":39},"end":{"line":166,"column":3}},"line":162},"13":{"name":"(anonymous_13)","decl":{"start":{"line":163,"column":29},"end":{"line":163,"column":37}},"loc":{"start":{"line":163,"column":37},"end":{"line":163,"column":48}},"line":163},"14":{"name":"(anonymous_14)","decl":{"start":{"line":169,"column":57},"end":{"line":169,"column":64}},"loc":{"start":{"line":169,"column":64},"end":{"line":169,"column":93}},"line":169},"15":{"name":"calculateScore","decl":{"start":{"line":175,"column":16},"end":{"line":175,"column":31}},"loc":{"start":{"line":175,"column":76},"end":{"line":178,"column":null}},"line":175},"16":{"name":"calculateLevel","decl":{"start":{"line":180,"column":16},"end":{"line":180,"column":31}},"loc":{"start":{"line":180,"column":59},"end":{"line":182,"column":null}},"line":180},"17":{"name":"getDropSpeed","decl":{"start":{"line":184,"column":16},"end":{"line":184,"column":29}},"loc":{"start":{"line":184,"column":52},"end":{"line":186,"column":null}},"line":184}},"branchMap":{"0":{"loc":{"start":{"line":118,"column":2},"end":{"line":118,"column":null}},"type":"default-arg","locations":[{"start":{"line":118,"column":20},"end":{"line":118,"column":null}}],"line":118},"1":{"loc":{"start":{"line":119,"column":2},"end":{"line":119,"column":null}},"type":"default-arg","locations":[{"start":{"line":119,"column":20},"end":{"line":119,"column":null}}],"line":119},"2":{"loc":{"start":{"line":123,"column":6},"end":{"line":135,"column":null}},"type":"if","locations":[{"start":{"line":123,"column":6},"end":{"line":135,"column":null}},{"start":{},"end":{}}],"line":123},"3":{"loc":{"start":{"line":127,"column":8},"end":{"line":134,"column":null}},"type":"if","locations":[{"start":{"line":127,"column":8},"end":{"line":134,"column":null}},{"start":{},"end":{}}],"line":127},"4":{"loc":{"start":{"line":128,"column":10},"end":{"line":131,"column":null}},"type":"binary-expr","locations":[{"start":{"line":128,"column":10},"end":{"line":128,"column":null}},{"start":{"line":129,"column":10},"end":{"line":129,"column":null}},{"start":{"line":130,"column":10},"end":{"line":130,"column":null}},{"start":{"line":131,"column":11},"end":{"line":131,"column":24}},{"start":{"line":131,"column":24},"end":{"line":131,"column":null}}],"line":128},"5":{"loc":{"start":{"line":146,"column":6},"end":{"line":153,"column":null}},"type":"if","locations":[{"start":{"line":146,"column":6},"end":{"line":153,"column":null}},{"start":{},"end":{}}],"line":146},"6":{"loc":{"start":{"line":150,"column":8},"end":{"line":152,"column":null}},"type":"if","locations":[{"start":{"line":150,"column":8},"end":{"line":152,"column":null}},{"start":{},"end":{}}],"line":150},"7":{"loc":{"start":{"line":150,"column":12},"end":{"line":150,"column":89}},"type":"binary-expr","locations":[{"start":{"line":150,"column":12},"end":{"line":150,"column":27}},{"start":{"line":150,"column":27},"end":{"line":150,"column":52}},{"start":{"line":150,"column":52},"end":{"line":150,"column":67}},{"start":{"line":150,"column":67},"end":{"line":150,"column":89}}],"line":150},"8":{"loc":{"start":{"line":164,"column":4},"end":{"line":164,"column":null}},"type":"if","locations":[{"start":{"line":164,"column":4},"end":{"line":164,"column":null}},{"start":{},"end":{}}],"line":164}},"s":{"0":3,"1":3,"2":3,"3":3,"4":27,"5":540,"6":5400,"7":52,"8":52,"9":52,"10":52,"11":160,"12":3,"13":3,"14":9,"15":3,"16":3,"17":9,"18":9,"19":29,"20":3,"21":5,"22":5,"23":10,"24":10,"25":27,"26":14,"27":14,"28":14,"29":4,"30":1,"31":3,"32":60,"33":600,"34":3,"35":3,"36":7,"37":7,"38":17,"39":12,"40":12,"41":12,"42":12,"43":3,"44":5,"45":5,"46":100,"47":163,"48":100,"49":6,"50":100,"51":5,"52":6,"53":60,"54":5,"55":14,"56":14,"57":9,"58":8},"f":{"0":27,"1":540,"2":5400,"3":52,"4":160,"5":3,"6":9,"7":5,"8":3,"9":60,"10":600,"11":5,"12":100,"13":163,"14":60,"15":14,"16":9,"17":8},"b":{"0":[5],"1":[5],"2":[14,13],"3":[4,10],"4":[14,13,12,11,11],"5":[12,5],"6":[12,0],"7":[12,12,12,12],"8":[6,94]},"meta":{"lastBranch":9,"lastFunction":18,"lastStatement":59,"seen":{"s:1:27:1:Infinity":0,"s:2:28:2:Infinity":1,"s:3:25:3:Infinity":2,"s:24:88:81:Infinity":3,"f:83:16:83:45":0,"s:84:2:86:Infinity":4,"f:84:46:84:Infinity":1,"s:85:4:85:Infinity":5,"f:85:40:85:47":2,"s:85:47:85:76":6,"f:89:16:89:48":3,"s:90:33:90:Infinity":7,"s:91:15:91:Infinity":8,"s:92:27:92:Infinity":9,"s:94:2:99:Infinity":10,"f:96:21:96:28":4,"s:96:28:96:36":11,"f:102:16:102:32":5,"s:103:12:103:Infinity":12,"s:104:30:104:Infinity":13,"f:104:56:104:62":6,"s:104:62:104:78":14,"s:106:2:110:Infinity":15,"s:106:15:106:18":16,"s:107:4:109:Infinity":17,"s:107:17:107:20":18,"s:108:6:108:Infinity":19,"s:112:2:112:Infinity":20,"f:115:16:115:Infinity":7,"b:118:20:118:Infinity":0,"b:119:20:119:Infinity":1,"s:121:2:137:Infinity":21,"s:121:15:121:18":22,"s:122:4:136:Infinity":23,"s:122:17:122:20":24,"b:123:6:135:Infinity:undefined:undefined:undefined:undefined":2,"s:123:6:135:Infinity":25,"s:124:21:124:Infinity":26,"s:125:21:125:Infinity":27,"b:127:8:134:Infinity:undefined:undefined:undefined:undefined":3,"s:127:8:134:Infinity":28,"b:128:10:128:Infinity:129:10:129:Infinity:130:10:130:Infinity:131:11:131:24:131:24:131:Infinity":4,"s:133:10:133:Infinity":29,"s:138:2:138:Infinity":30,"f:141:16:141:31":8,"s:142:19:142:Infinity":31,"f:142:29:142:36":9,"s:142:36:142:66":32,"f:142:44:142:53":10,"s:142:53:142:65":33,"s:144:2:155:Infinity":34,"s:144:15:144:18":35,"s:145:4:154:Infinity":36,"s:145:17:145:20":37,"b:146:6:153:Infinity:undefined:undefined:undefined:undefined":5,"s:146:6:153:Infinity":38,"s:147:23:147:Infinity":39,"s:148:23:148:Infinity":40,"b:150:8:152:Infinity:undefined:undefined:undefined:undefined":6,"s:150:8:152:Infinity":41,"b:150:12:150:27:150:27:150:52:150:52:150:67:150:67:150:89":7,"s:151:10:151:Infinity":42,"s:157:2:157:Infinity":43,"f:160:16:160:27":11,"s:161:21:161:Infinity":44,"s:162:19:166:Infinity":45,"f:162:32:162:39":12,"s:163:19:163:Infinity":46,"f:163:29:163:37":13,"s:163:37:163:48":47,"b:164:4:164:Infinity:undefined:undefined:undefined:undefined":8,"s:164:4:164:Infinity":48,"s:164:16:164:Infinity":49,"s:165:4:165:Infinity":50,"s:168:2:170:Infinity":51,"s:169:4:169:Infinity":52,"f:169:57:169:64":14,"s:169:64:169:93":53,"s:172:2:172:Infinity":54,"f:175:16:175:31":15,"s:176:21:176:Infinity":55,"s:177:2:177:Infinity":56,"f:180:16:180:31":16,"s:181:2:181:Infinity":57,"f:184:16:184:29":17,"s:185:2:185:Infinity":58}}}
,"C:\\!Uni\\CICD\\ustp-cicd-final\\src\\lib\\utils.ts": {"path":"C:\\!Uni\\CICD\\ustp-cicd-final\\src\\lib\\utils.ts","statementMap":{"0":{"start":{"line":5,"column":2},"end":{"line":5,"column":null}}},"fnMap":{"0":{"name":"cn","decl":{"start":{"line":4,"column":16},"end":{"line":4,"column":22}},"loc":{"start":{"line":4,"column":44},"end":{"line":6,"column":null}},"line":4}},"branchMap":{},"s":{"0":21},"f":{"0":21},"b":{},"meta":{"lastBranch":0,"lastFunction":1,"lastStatement":1,"seen":{"f:4:16:4:22":0,"s:5:2:5:Infinity":0}}}
}
