TN:
SF:src\components\GameBoard.tsx
FN:10,GameBoard
FN:13,(anonymous_1)
FNF:2
FNH:2
FNDA:12,GameBoard
FNDA:12,(anonymous_1)
DA:11,12
DA:13,12
DA:14,12
DA:15,12
DA:17,12
DA:18,12
DA:20,12
DA:22,12
DA:23,240
DA:24,2400
DA:26,2400
DA:27,2400
DA:28,2400
DA:30,2400
DA:31,2
DA:32,2
DA:39,2
DA:40,2
DA:41,2
DA:51,12
DA:52,2
DA:53,7
DA:54,25
DA:55,8
DA:56,8
DA:58,8
DA:59,8
DA:60,8
DA:67,8
DA:68,8
DA:69,8
DA:81,12
DA:82,1
DA:83,1
DA:85,1
DA:86,1
DA:87,1
DA:88,1
DA:89,1
DA:93,12
LF:40
LH:40
BRDA:15,0,0,0
BRDA:15,0,1,12
BRDA:18,1,0,0
BRDA:18,1,1,12
BRDA:30,2,0,2
BRDA:30,2,1,2398
BRDA:51,3,0,2
BRDA:51,3,1,10
BRDA:54,4,0,8
BRDA:54,4,1,17
BRDA:58,5,0,8
BRDA:58,5,1,0
BRDA:81,6,0,1
BRDA:81,6,1,11
BRF:14
BRH:11
end_of_record
TN:
SF:src\components\NextPiece.tsx
FN:9,NextPiece
FN:12,(anonymous_1)
FNF:2
FNH:2
FNDA:21,NextPiece
FNDA:21,(anonymous_1)
DA:10,21
DA:12,21
DA:13,21
DA:14,21
DA:16,21
DA:17,21
DA:19,21
DA:21,21
DA:22,14
DA:23,14
DA:24,14
DA:25,14
DA:27,14
DA:28,41
DA:29,127
DA:30,56
DA:31,56
DA:38,56
DA:39,56
DA:40,56
DA:52,21
LF:21
LH:21
BRDA:14,0,0,0
BRDA:14,0,1,21
BRDA:17,1,0,0
BRDA:17,1,1,21
BRDA:21,2,0,14
BRDA:21,2,1,7
BRDA:29,3,0,56
BRDA:29,3,1,71
BRF:8
BRH:6
end_of_record
TN:
SF:src\components\ui\card.tsx
FN:5,Card
FN:18,CardHeader
FN:31,CardTitle
FN:41,CardDescription
FN:51,CardAction
FN:64,CardContent
FN:74,CardFooter
FNF:7
FNH:1
FNDA:21,Card
FNDA:0,CardHeader
FNDA:0,CardTitle
FNDA:0,CardDescription
FNDA:0,CardAction
FNDA:0,CardContent
FNDA:0,CardFooter
DA:6,21
DA:19,0
DA:32,0
DA:42,0
DA:52,0
DA:65,0
DA:75,0
LF:7
LH:1
BRF:0
BRH:0
end_of_record
TN:
SF:src\lib\tetris.ts
FN:83,createEmptyBoard
FN:84,(anonymous_1)
FN:85,(anonymous_2)
FN:89,getRandomTetromino
FN:96,(anonymous_4)
FN:102,rotateTetromino
FN:104,(anonymous_6)
FN:115,checkCollision
FN:141,mergeTetromino
FN:142,(anonymous_9)
FN:142,(anonymous_10)
FN:160,clearLines
FN:162,(anonymous_12)
FN:163,(anonymous_13)
FN:169,(anonymous_14)
FN:175,calculateScore
FN:180,calculateLevel
FN:184,getDropSpeed
FNF:18
FNH:18
FNDA:27,createEmptyBoard
FNDA:540,(anonymous_1)
FNDA:5400,(anonymous_2)
FNDA:52,getRandomTetromino
FNDA:160,(anonymous_4)
FNDA:3,rotateTetromino
FNDA:9,(anonymous_6)
FNDA:5,checkCollision
FNDA:3,mergeTetromino
FNDA:60,(anonymous_9)
FNDA:600,(anonymous_10)
FNDA:5,clearLines
FNDA:100,(anonymous_12)
FNDA:163,(anonymous_13)
FNDA:60,(anonymous_14)
FNDA:14,calculateScore
FNDA:9,calculateLevel
FNDA:8,getDropSpeed
DA:1,3
DA:2,3
DA:3,3
DA:24,3
DA:84,27
DA:85,5400
DA:90,52
DA:91,52
DA:92,52
DA:94,52
DA:96,160
DA:103,3
DA:104,9
DA:106,3
DA:107,9
DA:108,29
DA:112,3
DA:121,5
DA:122,10
DA:123,27
DA:124,14
DA:125,14
DA:127,14
DA:133,4
DA:138,1
DA:142,600
DA:144,3
DA:145,7
DA:146,17
DA:147,12
DA:148,12
DA:150,12
DA:151,12
DA:157,3
DA:161,5
DA:162,5
DA:163,163
DA:164,100
DA:165,100
DA:168,5
DA:169,60
DA:172,5
DA:176,14
DA:177,14
DA:181,9
DA:185,8
LF:46
LH:46
BRDA:118,0,0,5
BRDA:119,1,0,5
BRDA:123,2,0,14
BRDA:123,2,1,13
BRDA:127,3,0,4
BRDA:127,3,1,10
BRDA:128,4,0,14
BRDA:128,4,1,13
BRDA:128,4,2,12
BRDA:128,4,3,11
BRDA:128,4,4,11
BRDA:146,5,0,12
BRDA:146,5,1,5
BRDA:150,6,0,12
BRDA:150,6,1,0
BRDA:150,7,0,12
BRDA:150,7,1,12
BRDA:150,7,2,12
BRDA:150,7,3,12
BRDA:164,8,0,6
BRDA:164,8,1,94
BRF:21
BRH:20
end_of_record
TN:
SF:src\lib\utils.ts
FN:4,cn
FNF:1
FNH:1
FNDA:21,cn
DA:5,21
LF:1
LH:1
BRF:0
BRH:0
end_of_record
